  [1m[36m (1.6ms)[0m  [1mCREATE TABLE "schema_migrations" ("version" varchar(255) NOT NULL) [0m
  [1m[35m (1.6ms)[0m  CREATE UNIQUE INDEX "unique_schema_migrations" ON "schema_migrations" ("version")
  [1m[36mActiveRecord::SchemaMigration Load (0.1ms)[0m  [1mSELECT "schema_migrations".* FROM "schema_migrations"[0m
Migrating to CreateUsers (20140308180802)
  [1m[35m (0.1ms)[0m  begin transaction
  [1m[36m (0.3ms)[0m  [1mCREATE TABLE "users" ("id" INTEGER PRIMARY KEY AUTOINCREMENT NOT NULL, "name" varchar(255), "email" varchar(255), "created_at" datetime, "updated_at" datetime) [0m
  [1m[35mSQL (0.1ms)[0m  INSERT INTO "schema_migrations" ("version") VALUES (?)  [["version", "20140308180802"]]
  [1m[36m (2.0ms)[0m  [1mcommit transaction[0m
  [1m[35mActiveRecord::SchemaMigration Load (0.1ms)[0m  SELECT "schema_migrations".* FROM "schema_migrations"


Started GET "/" for 127.0.0.1 at 2014-03-08 13:11:05 -0500
  [1m[36mActiveRecord::SchemaMigration Load (0.1ms)[0m  [1mSELECT "schema_migrations".* FROM "schema_migrations"[0m
Processing by Rails::WelcomeController#index as HTML
  Rendered /Users/Torin/.rvm/gems/ruby-2.0.0-p451@railstutorial_rails_4_0/gems/railties-4.0.3/lib/rails/templates/rails/welcome/index.html.erb (1.6ms)
Completed 200 OK in 24ms (Views: 23.7ms | ActiveRecord: 0.0ms)


Started GET "/" for 127.0.0.1 at 2014-03-08 13:13:22 -0500
Processing by Rails::WelcomeController#index as HTML
  Rendered /Users/Torin/.rvm/gems/ruby-2.0.0-p451@railstutorial_rails_4_0/gems/railties-4.0.3/lib/rails/templates/rails/welcome/index.html.erb (0.0ms)
Completed 200 OK in 2ms (Views: 1.8ms | ActiveRecord: 0.0ms)


Started GET "/users" for 127.0.0.1 at 2014-03-08 13:13:23 -0500
Processing by UsersController#index as HTML
  [1m[35mUser Load (0.2ms)[0m  SELECT "users".* FROM "users"
  Rendered users/index.html.erb within layouts/application (1.5ms)
Warning. Error encountered while saving cache 4a86dc5d36cc44bb62c2ceaf36b2acdb618960f3/scaffolds.css.scssc: can't dump anonymous class #<Class:0x007fd156c7afe0>

Warning. Error encountered while saving cache 4a86dc5d36cc44bb62c2ceaf36b2acdb618960f3/users.css.scssc: can't dump anonymous class #<Class:0x007fd156c7afe0>

Completed 200 OK in 715ms (Views: 713.1ms | ActiveRecord: 0.2ms)


Started GET "/assets/application.css?body=1" for 127.0.0.1 at 2014-03-08 13:13:23 -0500


Started GET "/assets/scaffolds.css?body=1" for 127.0.0.1 at 2014-03-08 13:13:24 -0500


Started GET "/assets/jquery.js?body=1" for 127.0.0.1 at 2014-03-08 13:13:24 -0500


Started GET "/assets/users.css?body=1" for 127.0.0.1 at 2014-03-08 13:13:24 -0500


Started GET "/assets/jquery_ujs.js?body=1" for 127.0.0.1 at 2014-03-08 13:13:24 -0500


Started GET "/assets/turbolinks.js?body=1" for 127.0.0.1 at 2014-03-08 13:13:24 -0500


Started GET "/assets/users.js?body=1" for 127.0.0.1 at 2014-03-08 13:13:24 -0500


Started GET "/assets/application.js?body=1" for 127.0.0.1 at 2014-03-08 13:13:24 -0500


Started GET "/users/new" for 127.0.0.1 at 2014-03-08 13:13:26 -0500
Processing by UsersController#new as HTML
  Rendered users/_form.html.erb (103.3ms)
  Rendered users/new.html.erb within layouts/application (122.3ms)
Completed 200 OK in 129ms (Views: 127.4ms | ActiveRecord: 0.3ms)


Started POST "/users" for 127.0.0.1 at 2014-03-08 13:13:34 -0500
Processing by UsersController#create as HTML
  Parameters: {"utf8"=>"✓", "authenticity_token"=>"zpBd2xgH7qiByyL87IVgUbVEuXTGm/K4KLZM8GMiNKI=", "user"=>{"name"=>"erro", "email"=>"erro@erro.com"}, "commit"=>"Create User"}
  [1m[36m (0.1ms)[0m  [1mbegin transaction[0m
  [1m[35mSQL (72.9ms)[0m  INSERT INTO "users" ("created_at", "email", "name", "updated_at") VALUES (?, ?, ?, ?)  [["created_at", Sat, 08 Mar 2014 18:13:34 UTC +00:00], ["email", "erro@erro.com"], ["name", "erro"], ["updated_at", Sat, 08 Mar 2014 18:13:34 UTC +00:00]]
  [1m[36m (1.5ms)[0m  [1mcommit transaction[0m
Redirected to http://localhost:3000/users/1
Completed 302 Found in 79ms (ActiveRecord: 74.5ms)


Started GET "/users/1" for 127.0.0.1 at 2014-03-08 13:13:34 -0500
Processing by UsersController#show as HTML
  Parameters: {"id"=>"1"}
  [1m[35mUser Load (0.2ms)[0m  SELECT "users".* FROM "users" WHERE "users"."id" = ? LIMIT 1  [["id", "1"]]
  Rendered users/show.html.erb within layouts/application (1.0ms)
Completed 200 OK in 8ms (Views: 5.2ms | ActiveRecord: 0.2ms)


Started GET "/users" for 127.0.0.1 at 2014-03-08 13:13:38 -0500
Processing by UsersController#index as HTML
  [1m[36mUser Load (0.2ms)[0m  [1mSELECT "users".* FROM "users"[0m
  Rendered users/index.html.erb within layouts/application (2.6ms)
Completed 200 OK in 10ms (Views: 8.8ms | ActiveRecord: 0.2ms)
  [1m[36mActiveRecord::SchemaMigration Load (0.1ms)[0m  [1mSELECT "schema_migrations".* FROM "schema_migrations"[0m
Migrating to CreateMicroposts (20140308202936)
  [1m[35m (0.1ms)[0m  begin transaction
  [1m[36m (0.5ms)[0m  [1mCREATE TABLE "microposts" ("id" INTEGER PRIMARY KEY AUTOINCREMENT NOT NULL, "content" varchar(255), "user_id" integer, "created_at" datetime, "updated_at" datetime) [0m
  [1m[35mSQL (0.2ms)[0m  INSERT INTO "schema_migrations" ("version") VALUES (?)  [["version", "20140308202936"]]
  [1m[36m (1.6ms)[0m  [1mcommit transaction[0m
  [1m[35mActiveRecord::SchemaMigration Load (0.1ms)[0m  SELECT "schema_migrations".* FROM "schema_migrations"


Started GET "/" for 127.0.0.1 at 2014-03-08 15:35:16 -0500
  [1m[35mActiveRecord::SchemaMigration Load (0.1ms)[0m  SELECT "schema_migrations".* FROM "schema_migrations"
Processing by Rails::WelcomeController#index as HTML
  Rendered /Users/Torin/.rvm/gems/ruby-2.0.0-p451@railstutorial_rails_4_0/gems/railties-4.0.3/lib/rails/templates/rails/welcome/index.html.erb (0.1ms)
Completed 200 OK in 10ms (Views: 9.5ms | ActiveRecord: 0.0ms)


Started GET "/micropost" for 127.0.0.1 at 2014-03-08 15:35:24 -0500

ActionController::RoutingError (No route matches [GET] "/micropost"):
  actionpack (4.0.3) lib/action_dispatch/middleware/debug_exceptions.rb:21:in `call'
  actionpack (4.0.3) lib/action_dispatch/middleware/show_exceptions.rb:30:in `call'
  railties (4.0.3) lib/rails/rack/logger.rb:38:in `call_app'
  railties (4.0.3) lib/rails/rack/logger.rb:20:in `block in call'
  activesupport (4.0.3) lib/active_support/tagged_logging.rb:67:in `block in tagged'
  activesupport (4.0.3) lib/active_support/tagged_logging.rb:25:in `tagged'
  activesupport (4.0.3) lib/active_support/tagged_logging.rb:67:in `tagged'
  railties (4.0.3) lib/rails/rack/logger.rb:20:in `call'
  actionpack (4.0.3) lib/action_dispatch/middleware/request_id.rb:21:in `call'
  rack (1.5.2) lib/rack/methodoverride.rb:21:in `call'
  rack (1.5.2) lib/rack/runtime.rb:17:in `call'
  activesupport (4.0.3) lib/active_support/cache/strategy/local_cache.rb:83:in `call'
  rack (1.5.2) lib/rack/lock.rb:17:in `call'
  actionpack (4.0.3) lib/action_dispatch/middleware/static.rb:64:in `call'
  rack (1.5.2) lib/rack/sendfile.rb:112:in `call'
  railties (4.0.3) lib/rails/engine.rb:511:in `call'
  railties (4.0.3) lib/rails/application.rb:97:in `call'
  rack (1.5.2) lib/rack/lock.rb:17:in `call'
  rack (1.5.2) lib/rack/content_length.rb:14:in `call'
  rack (1.5.2) lib/rack/handler/webrick.rb:60:in `service'
  /Users/Torin/.rvm/rubies/ruby-2.0.0-p451/lib/ruby/2.0.0/webrick/httpserver.rb:138:in `service'
  /Users/Torin/.rvm/rubies/ruby-2.0.0-p451/lib/ruby/2.0.0/webrick/httpserver.rb:94:in `run'
  /Users/Torin/.rvm/rubies/ruby-2.0.0-p451/lib/ruby/2.0.0/webrick/server.rb:295:in `block in start_thread'


  Rendered /Users/Torin/.rvm/gems/ruby-2.0.0-p451@railstutorial_rails_4_0/gems/actionpack-4.0.3/lib/action_dispatch/middleware/templates/rescues/_trace.erb (0.9ms)
  Rendered /Users/Torin/.rvm/gems/ruby-2.0.0-p451@railstutorial_rails_4_0/gems/actionpack-4.0.3/lib/action_dispatch/middleware/templates/routes/_route.html.erb (1.4ms)
  Rendered /Users/Torin/.rvm/gems/ruby-2.0.0-p451@railstutorial_rails_4_0/gems/actionpack-4.0.3/lib/action_dispatch/middleware/templates/routes/_table.html.erb (51.3ms)
  Rendered /Users/Torin/.rvm/gems/ruby-2.0.0-p451@railstutorial_rails_4_0/gems/actionpack-4.0.3/lib/action_dispatch/middleware/templates/rescues/routing_error.erb within rescues/layout (75.0ms)
  [1m[36mActiveRecord::SchemaMigration Load (0.1ms)[0m  [1mSELECT "schema_migrations".* FROM "schema_migrations"[0m
  [1m[35mActiveRecord::SchemaMigration Load (0.1ms)[0m  SELECT "schema_migrations".* FROM "schema_migrations"


Started GET "/microposts" for 127.0.0.1 at 2014-03-08 15:36:31 -0500
Processing by MicropostsController#index as HTML
  [1m[36mMicropost Load (0.4ms)[0m  [1mSELECT "microposts".* FROM "microposts"[0m
  Rendered microposts/index.html.erb within layouts/application (1.9ms)
Warning. Error encountered while saving cache 4a86dc5d36cc44bb62c2ceaf36b2acdb618960f3/microposts.css.scssc: can't dump anonymous class #<Class:0x007fd156c7afe0>

Completed 200 OK in 245ms (Views: 242.1ms | ActiveRecord: 0.4ms)


Started GET "/assets/microposts.css?body=1" for 127.0.0.1 at 2014-03-08 15:36:31 -0500


Started GET "/assets/application.css?body=1" for 127.0.0.1 at 2014-03-08 15:36:31 -0500


Started GET "/assets/users.css?body=1" for 127.0.0.1 at 2014-03-08 15:36:31 -0500


Started GET "/assets/turbolinks.js?body=1" for 127.0.0.1 at 2014-03-08 15:36:31 -0500


Started GET "/assets/scaffolds.css?body=1" for 127.0.0.1 at 2014-03-08 15:36:31 -0500


Started GET "/assets/jquery_ujs.js?body=1" for 127.0.0.1 at 2014-03-08 15:36:31 -0500


Started GET "/assets/jquery.js?body=1" for 127.0.0.1 at 2014-03-08 15:36:31 -0500


Started GET "/assets/microposts.js?body=1" for 127.0.0.1 at 2014-03-08 15:36:31 -0500


Started GET "/assets/users.js?body=1" for 127.0.0.1 at 2014-03-08 15:36:31 -0500


Started GET "/assets/application.js?body=1" for 127.0.0.1 at 2014-03-08 15:36:31 -0500


Started GET "/microposts/new" for 127.0.0.1 at 2014-03-08 15:36:32 -0500
Processing by MicropostsController#new as HTML
  Rendered microposts/_form.html.erb (16.7ms)
  Rendered microposts/new.html.erb within layouts/application (18.4ms)
Completed 200 OK in 25ms (Views: 23.6ms | ActiveRecord: 0.4ms)


Started POST "/microposts" for 127.0.0.1 at 2014-03-08 15:36:43 -0500
Processing by MicropostsController#create as HTML
  Parameters: {"utf8"=>"✓", "authenticity_token"=>"zpBd2xgH7qiByyL87IVgUbVEuXTGm/K4KLZM8GMiNKI=", "micropost"=>{"content"=>"testestesttestestesttestestesttestestesttestestesttestestesttestestesttestestesttestestesttestestesttestestesttestestesttestestesttestestesttestestest", "user_id"=>"1"}, "commit"=>"Create Micropost"}
  [1m[35m (0.1ms)[0m  begin transaction
  [1m[36m (0.1ms)[0m  [1mrollback transaction[0m
  Rendered microposts/_form.html.erb (3.0ms)
  Rendered microposts/new.html.erb within layouts/application (4.2ms)
Completed 200 OK in 39ms (Views: 8.4ms | ActiveRecord: 0.3ms)


Started GET "/assets/application.css?body=1" for 127.0.0.1 at 2014-03-08 15:36:43 -0500


Started GET "/assets/jquery.js?body=1" for 127.0.0.1 at 2014-03-08 15:36:43 -0500


Started GET "/assets/scaffolds.css?body=1" for 127.0.0.1 at 2014-03-08 15:36:43 -0500


Started GET "/assets/users.js?body=1" for 127.0.0.1 at 2014-03-08 15:36:43 -0500


Started GET "/assets/jquery_ujs.js?body=1" for 127.0.0.1 at 2014-03-08 15:36:43 -0500


Started GET "/assets/turbolinks.js?body=1" for 127.0.0.1 at 2014-03-08 15:36:43 -0500


Started GET "/assets/application.js?body=1" for 127.0.0.1 at 2014-03-08 15:36:43 -0500
  [1m[36mUser Load (0.1ms)[0m  [1mSELECT "users".* FROM "users" ORDER BY "users"."id" ASC LIMIT 1[0m


Started POST "/microposts" for 127.0.0.1 at 2014-03-08 15:39:11 -0500
Processing by MicropostsController#create as HTML
  Parameters: {"utf8"=>"✓", "authenticity_token"=>"zpBd2xgH7qiByyL87IVgUbVEuXTGm/K4KLZM8GMiNKI=", "micropost"=>{"content"=>"test micropost", "user_id"=>"1"}, "commit"=>"Create Micropost"}
  [1m[35m (0.1ms)[0m  begin transaction
  [1m[36mSQL (0.5ms)[0m  [1mINSERT INTO "microposts" ("content", "created_at", "updated_at", "user_id") VALUES (?, ?, ?, ?)[0m  [["content", "test micropost"], ["created_at", Sat, 08 Mar 2014 20:39:11 UTC +00:00], ["updated_at", Sat, 08 Mar 2014 20:39:11 UTC +00:00], ["user_id", 1]]
  [1m[35m (1.6ms)[0m  commit transaction
Redirected to http://localhost:3000/microposts/1
Completed 302 Found in 43ms (ActiveRecord: 2.5ms)


Started GET "/microposts/1" for 127.0.0.1 at 2014-03-08 15:39:11 -0500
Processing by MicropostsController#show as HTML
  Parameters: {"id"=>"1"}
  [1m[36mMicropost Load (0.2ms)[0m  [1mSELECT "microposts".* FROM "microposts" WHERE "microposts"."id" = ? LIMIT 1[0m  [["id", "1"]]
  Rendered microposts/show.html.erb within layouts/application (0.9ms)
Completed 200 OK in 7ms (Views: 5.2ms | ActiveRecord: 0.2ms)


Started GET "/assets/application.css?body=1" for 127.0.0.1 at 2014-03-08 15:39:12 -0500


Started GET "/assets/microposts.css?body=1" for 127.0.0.1 at 2014-03-08 15:39:12 -0500


Started GET "/assets/jquery_ujs.js?body=1" for 127.0.0.1 at 2014-03-08 15:39:12 -0500


Started GET "/assets/scaffolds.css?body=1" for 127.0.0.1 at 2014-03-08 15:39:12 -0500


Started GET "/assets/jquery.js?body=1" for 127.0.0.1 at 2014-03-08 15:39:12 -0500


Started GET "/assets/turbolinks.js?body=1" for 127.0.0.1 at 2014-03-08 15:39:12 -0500


Started GET "/assets/users.js?body=1" for 127.0.0.1 at 2014-03-08 15:39:12 -0500


Started GET "/assets/microposts.js?body=1" for 127.0.0.1 at 2014-03-08 15:39:12 -0500


Started GET "/assets/application.js?body=1" for 127.0.0.1 at 2014-03-08 15:39:12 -0500
  [1m[35mUser Load (0.2ms)[0m  SELECT "users".* FROM "users" ORDER BY "users"."id" ASC LIMIT 1
  [1m[36mMicropost Load (9.8ms)[0m  [1mSELECT "microposts".* FROM "microposts" WHERE "microposts"."user_id" = ?[0m  [["user_id", 1]]
